<?xml version="1.0" encoding="UTF-8"?>
<testng-results ignored="0" total="2" passed="2" failed="0" skipped="0">
  <reporter-output>
  </reporter-output>
  <suite started-at="2019-10-15T15:53:13 BDT" name="Default suite" finished-at="2019-10-15T15:54:51 BDT" duration-ms="98167">
    <groups>
    </groups>
    <test started-at="2019-10-15T15:53:13 BDT" name="Default test" finished-at="2019-10-15T15:54:51 BDT" duration-ms="98167">
      <class name="LoginTC">
        <test-method signature="Login()[pri:0, instance:LoginTC@5c1a8622]" started-at="2019-10-15T15:53:13 BDT" name="Login" finished-at="2019-10-15T15:54:37 BDT" duration-ms="83736" status="PASS">
          <reporter-output>
          </reporter-output>
        </test-method> <!-- Login -->
        <test-method signature="addCustomer()[pri:0, instance:LoginTC@5c1a8622]" started-at="2019-10-15T15:54:37 BDT" name="addCustomer" finished-at="2019-10-15T15:54:51 BDT" duration-ms="14342" status="PASS">
          <reporter-output>
          </reporter-output>
        </test-method> <!-- addCustomer -->
      </class> <!-- LoginTC -->
    </test> <!-- Default test -->
  </suite> <!-- Default suite -->
</testng-results>
